<?xml version="1.0" encoding="UTF-8"?>
<!-- Generated by org.testng.reporters.JUnitReportReporter -->
<testsuite hostname="PRATIKSHYA" failures="0" tests="1" name="Udemy.SeleniumFrameworkDesign.StandAloneTest153" time="19.085" errors="0" timestamp="2025-04-04T06:28:42 IST" skipped="0">
  <testcase classname="Udemy.SeleniumFrameworkDesign.StandAloneTest153" name="submitOrder" time="19.085"/>
</testsuite> <!-- Udemy.SeleniumFrameworkDesign.StandAloneTest153 -->
