<?xml version="1.0" encoding="UTF-8"?>
<!-- Generated by org.testng.reporters.JUnitReportReporter -->
<testsuite hostname="PRATIKSHYA" failures="0" tests="2" name="Udemy.SeleniumFrameworkDesign.SubmitOrderTest" time="40.424" errors="0" timestamp="2025-04-04T06:28:42 IST" skipped="0">
  <testcase classname="Udemy.SeleniumFrameworkDesign.SubmitOrderTest" name="submitOrder" time="19.561"/>
  <testcase classname="Udemy.SeleniumFrameworkDesign.SubmitOrderTest" name="submitOrder" time="20.863"/>
</testsuite> <!-- Udemy.SeleniumFrameworkDesign.SubmitOrderTest -->
