<?xml version="1.0" encoding="UTF-8"?>
<!-- Generated by org.testng.reporters.JUnitReportReporter -->
<testsuite hostname="PRATIKSHYA" failures="0" tests="1" name="Cucumber.TestNGTestRunner" time="6.541" errors="0" timestamp="2025-04-06T06:29:58 IST" skipped="0">
  <testcase classname="Cucumber.TestNGTestRunner" name="runScenario" time="6.541"/>
</testsuite> <!-- Cucumber.TestNGTestRunner -->
