<?xml version="1.0" encoding="UTF-8"?>
<!-- Generated by org.testng.reporters.JUnitReportReporter -->
<testsuite hostname="PRATIKSHYA" failures="0" tests="1" name="Udemy.SeleniumFrameworkDesign.ErrorValidations" time="5.537" errors="0" timestamp="2025-04-05T04:54:11 IST" skipped="0">
  <testcase classname="Udemy.SeleniumFrameworkDesign.ErrorValidations" name="loginErrorValidations" time="5.537"/>
</testsuite> <!-- Udemy.SeleniumFrameworkDesign.ErrorValidations -->
