<?xml version="1.0" encoding="UTF-8"?>
<!-- Generated by org.testng.reporters.JUnitReportReporter -->
<testsuite hostname="PRATIKSHYA" failures="0" tests="1" name="Udemy.SeleniumFrameworkDesign.StandAloneTest153" time="18.726" errors="0" timestamp="2025-04-05T04:54:11 IST" skipped="0">
  <testcase classname="Udemy.SeleniumFrameworkDesign.StandAloneTest153" name="submitOrder" time="18.726"/>
</testsuite> <!-- Udemy.SeleniumFrameworkDesign.StandAloneTest153 -->
