<?xml version="1.0" encoding="UTF-8"?>
<!-- Generated by org.testng.reporters.JUnitReportReporter -->
<testsuite hostname="PRATIKSHYA" failures="0" tests="2" name="Udemy.SeleniumFrameworkDesign.SubmitOrderTest" time="38.302" errors="0" timestamp="2025-04-06T06:14:24 IST" skipped="0">
  <testcase classname="Udemy.SeleniumFrameworkDesign.SubmitOrderTest" name="submitOrder" time="19.426"/>
  <testcase classname="Udemy.SeleniumFrameworkDesign.SubmitOrderTest" name="submitOrder" time="18.876"/>
</testsuite> <!-- Udemy.SeleniumFrameworkDesign.SubmitOrderTest -->
